Arguments: 
  C:\Program Files\nodejs\node.exe C:\Program Files (x86)\Yarn\bin\yarn.js add next react react-dom

PATH: 
  C:\Program Files\Git\mingw64\bin;C:\Program Files\Git\usr\bin;C:\Users\might\bin;C:\Program Files\Git\mingw64\bin;C:\Program Files\Git\usr\bin;C:\Users\might\bin;C:\ProgramData\DockerDesktop\version-bin;C:\Program Files\Docker\Docker\Resources\bin;C:\Program Files (x86)\Common Files\Oracle\Java\javapath;C:\WINDOWS\system32;C:\WINDOWS;C:\WINDOWS\System32\Wbem;C:\WINDOWS\System32\WindowsPowerShell\v1.0;C:\WINDOWS\System32\OpenSSH;C:\Program Files\nodejs;C:\Program Files\Git\cmd;C:\ProgramData\chocolatey\bin;C:\Program Files (x86)\Yarn\bin;C:\Users\might\AppData\Local\Microsoft\WindowsApps;C:\Program Files\Microsoft VS Code\bin;C:\Users\might\AppData\Roaming\npm;C:\Users\might\AppData\Local\GitHubDesktop\bin;C:\Users\might\AppData\Local\.meteor;C:\Users\might\AppData\Local\Programs\Microsoft VS Code\bin;C:\Users\might\AppData\Local\Yarn\bin

Yarn version: 
  1.10.1

Node version: 
  10.4.0

Platform: 
  win32 x64

Trace: 
  Error: ENOENT: no such file or directory, copyfile 'C:\Users\might\AppData\Local\Yarn\Cache\v2\npm-core-js-2.6.1-87416ae817de957a3f249b3b5ca475d4aaed6042\fn\system\index.js' -> 'C:\Users\might\Studies\landing-pages\portfolio\node_modules\core-js\fn\system\index.js'

npm manifest: 
  {
    "name": "portfolio",
    "version": "1.0.0",
    "description": "my portfolio page",
    "main": "index.js",
    "author": "Rafael Buzatto de Campos",
    "license": "MIT"
  }

yarn manifest: 
  No manifest

Lockfile: 
  No lockfile
